<?xml version="1.0" encoding="UTF-8"?>
<!-- Generated by org.testng.reporters.JUnitReportReporter -->
<testsuite hostname="LAPTOP-VU8M6DJG" failures="0" tests="1" name="test.TestLoginPageSimple" time="6.829" errors="0" timestamp="2023-10-26T10:40:46 ICT" skipped="0">
  <testcase classname="test.TestLoginPageSimple" name="testLoginPage" time="6.829"/>
</testsuite> <!-- test.TestLoginPageSimple -->
